==========
Extracting Files:
C:\ULTRASND\ARROW.SND
   3/20/95   4:10:    4176
C:\ULTRASND\ENTER.SND
   3/20/95   4:10:    8372
C:\ULTRASND\GUSEMU.EXE
   3/20/95   4:10:    12979
C:\ULTRASND\GRVCOLOR.INI
   3/20/95   4:10:    221
C:\ULTRASND\INSTGRPS.EXE
   3/20/95   4:10:    132608
C:\ULTRASND\MIDIDEMO.BAT
   3/20/95   4:10:    3917
C:\ULTRASND\PLAYMIDI.EXE
   3/20/95   4:10:    164162
C:\ULTRASND\REBOOT.COM
   3/20/95   4:10:    25
C:\ULTRASND\SETUP.EXE
   3/27/95  12: 1: 8  473568
C:\ULTRASND\RESOURCE.DAT
   3/20/95   4:10:    139008
C:\ULTRASND\SETUP.WAV
   3/20/95   4:10:    8096
C:\ULTRASND\ULTLOGO.BMP
   3/20/95   4:10:    5742
C:\ULTRASND\ULTRAMID.EXE
   3/20/95   4:10:    40038
C:\ULTRASND\ULTRINIT.EXE
   3/20/95   4:10:    51156
C:\ULTRASND\MIDI\BARIMYST.MID
   3/20/95   4:10:    5550
C:\ULTRASND\MIDI\ENTERTNR.MID
   3/20/95   4:10:    14137
C:\ULTRASND\MIDI\GDVIB6.MID
   3/20/95   4:10:    19821
C:\ULTRASND\MIDI\HERO.MID
   3/20/95   4:10:    42069
C:\ULTRASND\MIDI\HIDNSEEK.MID
   3/20/95   4:10:    4207
C:\ULTRASND\MIDI\JESUJOY.MID
   3/20/95   4:10:    4775
C:\ULTRASND\MIDI\LATINDNC.MID
   3/20/95   4:10:    19161
C:\ULTRASND\MIDI\MINUETG.MID
   3/20/95   4:10:    4924
C:\ULTRASND\MIDI\PNOHEAVN.MID
   3/20/95   4:10:    7116
C:\ULTRASND\MIDI\SOFUNKY.MID
   3/20/95   4:10:    18488
C:\ULTRASND\MIDI\STRIVING.MID
   3/20/95   4:10:    65061
C:\ULTRASND\MIDI\SWNGCAFE.MID
   3/20/95   4:10:    10735
C:\ULTRASND\MIDI\TECHNO78.MID
   3/20/95   4:10:    32933
C:\ULTRASND\MIDI\THE_RAIN.MID
   3/20/95   4:10:    41445
C:\ULTRASND\MIDI\TOCATTA.MID
   3/20/95   4:10:    15717
C:\ULTRASND\MIDI\YELOWROS.MID
   3/20/95   4:10:    9989
C:\ULTRASND\MIDI\LOAD1024.MID
   3/20/95   4:10:    569
C:\ULTRASND\MIDI\LOAD256.MID
   3/20/95   4:10:    322
C:\ULTRASND\MIDI\LOAD512.MID
   3/20/95   4:10:    380
C:\ULTRASND\MIDI\LOADGM.MID
   3/20/95   4:10:    380
C:\ULTRASND\MIDI\DEFAULT.CFG
   3/20/95   4:10:    3129
C:\ULTRASND\MIDI\ULTRAMID.INI
   3/20/95   4:10:    6309
C:\ULTRASND\ULTRASND.INI
   3/20/95   4:10:    5476
C:\ULTRASND\PMAKER\DEWCC.DLL
   3/20/95   4:10:    125440
C:\ULTRASND\PMAKER\DEWSC.DLL
   3/20/95   4:10:    41472
C:\ULTRASND\PMAKER\PMAKER.EXE
   3/20/95   4:10:    547856
C:\ULTRASND\PMAKER\PMAKER.HLP
   3/20/95   4:10:    82182
C:\ULTRASND\PMAKER\SINE440.PAT
   3/20/95   4:10:    735
C:\ULTRASND\PMAKER\VIOLIN.WAV
   3/20/95   4:10:    4338
C:\ULTRASND\PMAKER\WINSYS.DLL
   3/20/95   4:10:    93696
C:\ULTRASND\ULTRAMID\GF1DIGI.ADV
   9/20/94   3:57:    5248
C:\ULTRASND\ULTRAMID\GF1MIDI.ADV
   9/20/94   3:57:    10816
C:\ULTRASND\ULTRAMID\GF166.COM
   9/20/94   3:57:    5493
C:\ULTRASND\WINDOWS\ULTRAHLP.HLP
   3/20/95   4:10:    240563
C:\ULTRASND\WINDOWS\GRVSULTR.386
   3/20/95   4:10:    7393
C:\ULTRASND\WINDOWS\ULTRASND.DRV
   3/20/95   4:10:    101728
C:\ULTRASND\WINDOWS\MIDIMAP.CFG
   3/20/95   4:10:    49010
C:\ULTRASND\WINDOWS\CONFIG.EXE
   3/20/95   4:10:    7168
C:\ULTRASND\WINDOWS\MIXER.EXE
   3/20/95   4:10:    56704
C:\ULTRASND\WINDOWS\BWCC.DLL
   9/20/94   3:57:    156544
C:\ULTRASND\WINDOWS\GRAVIS.BMP
   3/20/95   4:10:    58374
C:\ULTRASND\WINDOWS\PATCHMGR.EXE
   3/20/95   4:10:    357888
C:\ULTRASND\WINDOWS\PATCHMGR.HLP
   3/20/95   4:10:    47337
C:\ULTRASND\MEGAEM.EXE
   3/20/95   4:10:    27568
C:\ULTRASND\MEGAEM.DOC
   3/20/95   4:10:    49383
C:\ULTRASND\EMUSET.EXE
   3/20/95   4:10:    10096
C:\ULTRASND\WINDOWS\ULTMPORT.DRV
   3/20/95   4:10:    11648
C:\ULTRASND\WINDOWS\OEMSETUP.INF
   3/20/95   4:10:    313
C:\ULTRASND\ULTRAMIX.EXE
   3/20/95   4:10:    24018
C:\ULTRASND\GRAVUTIL.EXE
   3/20/95   4:10:    88404
C:\ULTRASND\ULTRAJOY.EXE
   3/20/95   4:10:    12226
C:\ULTRASND\MIDIFIER.DOC
   3/20/95   4:10:    23593
C:\ULTRASND\MIDIFIER.EXE
   3/20/95   4:10:    126746
C:\ULTRASND\PLAYFILE.EXE
   3/20/95   4:10:    257090
C:\ULTRASND\ULTRAMIX.INI
   3/20/95   4:10:    344
C:\ULTRASND\SBOS.BAT
   3/20/95   4:10:    2243
C:\ULTRASND\LOADSBOS.EXE
   3/20/95   4:10:    48262
C:\ULTRASND\SBOSDRV.COM
   3/20/95   4:10:    20752
C:\ULTRASND\SBOS\SBOS.CFG
   3/20/95   4:10:    706
C:\ULTRASND\SBOS\SBOSLIB.SBS
   3/20/95   4:10:    184612
C:\ULTRASND\E.BAT
   3/20/95   4:10:    5948
C:\ULTRASND\MAXSBOS.BAT
   3/20/95   4:10:    507
C:\ULTRASND\MAXSBOS\DRIVER.EXE
   3/20/95   4:10:    14416
C:\ULTRASND\MAXSBOS\LOADER.EXE
   3/20/95   4:10:    26912
C:\ULTRASND\MAXSBOS\SBOS512.SBS
   3/20/95   4:10:    526407
C:\ULTRASND\MAXSBOS\SBOS1024.SBS
   3/20/95   4:10:    1052144
C:\ULTRASND\WINDOWS\OEMSETUP.INF
   3/20/95   4:10:    234
C:\ULTRASND\E.BAT
   3/20/95   4:10:    5095
C:\ULTRASND\ULTRAMIX.INI
   3/20/95   4:10:    150
C:\ULTRASND\E.BAT
   3/20/95   4:10:    5241
C:\ULTRASND\MIDI\ACBASS.PAT
   3/20/95   4:10:    10829
C:\ULTRASND\MIDI\ACCORDN.PAT
   3/20/95   4:10:    19623
C:\ULTRASND\MIDI\ACGUITAR.PAT
   3/20/95   4:10:    52581
C:\ULTRASND\MIDI\ACPIANO.PAT
   3/20/95   4:10:    65259
C:\ULTRASND\MIDI\AGOGO.PAT
   3/20/95   4:10:    27727
C:\ULTRASND\MIDI\AGOGOHI.PAT
   3/20/95   4:10:    7283
C:\ULTRASND\MIDI\AGOGOLO.PAT
   3/20/95   4:10:    7283
C:\ULTRASND\MIDI\ALTOSAX.PAT
   3/20/95   4:10:    11711
C:\ULTRASND\MIDI\APPLAUSE.PAT
   3/20/95   4:10:    60449
C:\ULTRASND\MIDI\ATMOSPHR.PAT
   3/20/95   4:10:    63035
C:\ULTRASND\MIDI\AURORA.PAT
   3/20/95   4:10:    62503
C:\ULTRASND\MIDI\BAGPIPES.PAT
   3/20/95   4:10:    16057
C:\ULTRASND\MIDI\BANJO.PAT
   3/20/95   4:10:    64523
C:\ULTRASND\MIDI\BARISAX.PAT
   3/20/95   4:10:    21739
C:\ULTRASND\MIDI\BASSLEAD.PAT
   3/20/95   4:10:    53389
C:\ULTRASND\MIDI\BASSOON.PAT
   3/20/95   4:10:    16723
C:\ULTRASND\MIDI\BELLTREE.PAT
   3/20/95   4:10:    64103
C:\ULTRASND\MIDI\BLANK.PAT
   3/20/95   4:10:    3367
C:\ULTRASND\MIDI\BONGOHI.PAT
   3/20/95   4:10:    7233
C:\ULTRASND\MIDI\BONGOLO.PAT
   3/20/95   4:10:    9201
C:\ULTRASND\MIDI\BOTTLE.PAT
   3/20/95   4:10:    25063
C:\ULTRASND\MIDI\BOWGLASS.PAT
   3/20/95   4:10:    49691
C:\ULTRASND\MIDI\BRITEPNO.PAT
   3/20/95   4:10:    72739
C:\ULTRASND\MIDI\CABASA.PAT
   3/20/95   4:10:    17203
C:\ULTRASND\MIDI\CALLIOPE.PAT
   3/20/95   4:10:    46303
C:\ULTRASND\MIDI\CARILLON.PAT
   3/20/95   4:10:    12089
C:\ULTRASND\MIDI\CASTINET.PAT
   3/20/95   4:10:    12349
C:\ULTRASND\MIDI\CELESTE.PAT
   3/20/95   4:10:    20207
C:\ULTRASND\MIDI\CELLO.PAT
   3/20/95   4:10:    18741
C:\ULTRASND\MIDI\CHARANG.PAT
   3/20/95   4:10:    90661
C:\ULTRASND\MIDI\CHIFLEAD.PAT
   3/20/95   4:10:    63381
C:\ULTRASND\MIDI\CHOIR.PAT
   3/20/95   4:10:    45353
C:\ULTRASND\MIDI\CHURCH.PAT
   3/20/95   4:10:    4609
C:\ULTRASND\MIDI\CLAPS.PAT
   3/20/95   4:10:    11719
C:\ULTRASND\MIDI\CLARINET.PAT
   3/20/95   4:10:    19161
C:\ULTRASND\MIDI\CLAVE.PAT
   3/20/95   4:10:    5035
C:\ULTRASND\MIDI\CLAVINET.PAT
   3/20/95   4:10:    3443
C:\ULTRASND\MIDI\CLEANGTR.PAT
   3/20/95   4:10:    46027
C:\ULTRASND\MIDI\CONCRTNA.PAT
   3/20/95   4:10:    17981
C:\ULTRASND\MIDI\CONGAHI1.PAT
   3/20/95   4:10:    8753
C:\ULTRASND\MIDI\CONGAHI2.PAT
   3/20/95   4:10:    9713
C:\ULTRASND\MIDI\CONGALO.PAT
   3/20/95   4:10:    9713
C:\ULTRASND\MIDI\CONTRABA.PAT
   3/20/95   4:10:    9723
C:\ULTRASND\MIDI\COWBELL.PAT
   3/20/95   4:10:    6645
C:\ULTRASND\MIDI\CRYSTAL.PAT
   3/20/95   4:10:    60783
C:\ULTRASND\MIDI\CUICA1.PAT
   3/20/95   4:10:    18995
C:\ULTRASND\MIDI\CUICA2.PAT
   3/20/95   4:10:    26017
C:\ULTRASND\MIDI\CYMBELL.PAT
   3/20/95   4:10:    34815
C:\ULTRASND\MIDI\CYMCHINA.PAT
   3/20/95   4:10:    48545
C:\ULTRASND\MIDI\CYMCRSH1.PAT
   3/20/95   4:10:    63353
C:\ULTRASND\MIDI\CYMCRSH2.PAT
   3/20/95   4:10:    62411
C:\ULTRASND\MIDI\CYMRIDE1.PAT
   3/20/95   4:10:    35655
C:\ULTRASND\MIDI\CYMRIDE2.PAT
   3/20/95   4:10:    35655
C:\ULTRASND\MIDI\CYMSPLSH.PAT
   3/20/95   4:10:    63353
C:\ULTRASND\MIDI\DISTGTR.PAT
   3/20/95   4:10:    38249
C:\ULTRASND\MIDI\DOO.PAT
   3/20/95   4:10:    17333
C:\ULTRASND\MIDI\ECHOVOX.PAT
   3/20/95   4:10:    30287
C:\ULTRASND\MIDI\ENGLHORN.PAT
   3/20/95   4:10:    24675
C:\ULTRASND\MIDI\EPIANO1.PAT
   3/20/95   4:10:    15005
C:\ULTRASND\MIDI\EPIANO2.PAT
   3/20/95   4:10:    44191
C:\ULTRASND\MIDI\FANTASIA.PAT
   3/20/95   4:10:    47229
C:\ULTRASND\MIDI\FIDDLE.PAT
   3/20/95   4:10:    12309
C:\ULTRASND\MIDI\FLUTE.PAT
   3/20/95   4:10:    12383
C:\ULTRASND\MIDI\FNGRBASS.PAT
   3/20/95   4:10:    19797
C:\ULTRASND\MIDI\FRENCHRN.PAT
   3/20/95   4:10:    28635
C:\ULTRASND\MIDI\FRESHAIR.PAT
   3/20/95   4:10:    58307
C:\ULTRASND\MIDI\FRETLESS.PAT
   3/20/95   4:10:    5605
C:\ULTRASND\MIDI\FX-BLOW.PAT
   3/20/95   4:10:    57693
C:\ULTRASND\MIDI\FX-FRET.PAT
   3/20/95   4:10:    27631
C:\ULTRASND\MIDI\GHOSTIE.PAT
   3/20/95   4:10:    63301
C:\ULTRASND\MIDI\GLOCKEN.PAT
   3/20/95   4:10:    10695
C:\ULTRASND\MIDI\GTRHARM.PAT
   3/20/95   4:10:    10173
C:\ULTRASND\MIDI\GUIRO1.PAT
   3/20/95   4:10:    8561
C:\ULTRASND\MIDI\GUIRO2.PAT
   3/20/95   4:10:    18821
C:\ULTRASND\MIDI\HALOPAD.PAT
   3/20/95   4:10:    60291
C:\ULTRASND\MIDI\HARMONCA.PAT
   3/20/95   4:10:    15301
C:\ULTRASND\MIDI\HARP.PAT
   3/20/95   4:10:    23927
C:\ULTRASND\MIDI\HELICPTR.PAT
   3/20/95   4:10:    50327
C:\ULTRASND\MIDI\HIGHQ.PAT
   3/20/95   4:10:    3945
C:\ULTRASND\MIDI\HIHATCL.PAT
   3/20/95   4:10:    9453
C:\ULTRASND\MIDI\HIHATOP.PAT
   3/20/95   4:10:    40417
C:\ULTRASND\MIDI\HIHATPD.PAT
   3/20/95   4:10:    3925
C:\ULTRASND\MIDI\HITBRASS.PAT
   3/20/95   4:10:    63369
C:\ULTRASND\MIDI\HOMEORG.PAT
   3/20/95   4:10:    2301
C:\ULTRASND\MIDI\HONKY.PAT
   3/20/95   4:10:    131905
C:\ULTRASND\MIDI\HRPSCHRD.PAT
   3/20/95   4:10:    7709
C:\ULTRASND\MIDI\JAZZGTR.PAT
   3/20/95   4:10:    55923
C:\ULTRASND\MIDI\JINGLES.PAT
   3/20/95   4:10:    34219
C:\ULTRASND\MIDI\JUNGLE.PAT
   3/20/95   4:10:    27541
C:\ULTRASND\MIDI\KALIMBA.PAT
   3/20/95   4:10:    4739
C:\ULTRASND\MIDI\KICK1.PAT
   3/20/95   4:10:    9411
C:\ULTRASND\MIDI\KICK2.PAT
   3/20/95   4:10:    10377
C:\ULTRASND\MIDI\KOTO.PAT
   3/20/95   4:10:    42079
C:\ULTRASND\MIDI\LEAD5TH.PAT
   3/20/95   4:10:    13233
C:\ULTRASND\MIDI\MARACAS.PAT
   3/20/95   4:10:    9433
C:\ULTRASND\MIDI\MARCATO.PAT
   3/20/95   4:10:    122881
C:\ULTRASND\MIDI\MARIMBA.PAT
   3/20/95   4:10:    4447
C:\ULTRASND\MIDI\METALPAD.PAT
   3/20/95   4:10:    60905
C:\ULTRASND\MIDI\METBELL.PAT
   3/20/95   4:10:    539
C:\ULTRASND\MIDI\METCLICK.PAT
   3/20/95   4:10:    539
C:\ULTRASND\MIDI\MUSICBOX.PAT
   3/20/95   4:10:    30947
C:\ULTRASND\MIDI\MUTEGTR.PAT
   3/20/95   4:10:    34577
C:\ULTRASND\MIDI\MUTETRUM.PAT
   3/20/95   4:10:    19019
C:\ULTRASND\MIDI\NYGUITAR.PAT
   3/20/95   4:10:    39211
C:\ULTRASND\MIDI\OBOE.PAT
   3/20/95   4:10:    9269
C:\ULTRASND\MIDI\OCARINA.PAT
   3/20/95   4:10:    3537
C:\ULTRASND\MIDI\ODGUITAR.PAT
   3/20/95   4:10:    25845
C:\ULTRASND\MIDI\ORCHHIT.PAT
   3/20/95   4:10:    28751
C:\ULTRASND\MIDI\PERCORG.PAT
   3/20/95   4:10:    15435
C:\ULTRASND\MIDI\PICCOLO.PAT
   3/20/95   4:10:    8945
C:\ULTRASND\MIDI\PICKBASS.PAT
   3/20/95   4:10:    33213
C:\ULTRASND\MIDI\PISTOL.PAT
   3/20/95   4:10:    36595
C:\ULTRASND\MIDI\PIZZCATO.PAT
   3/20/95   4:10:    40173
C:\ULTRASND\MIDI\POLYSYN.PAT
   3/20/95   4:10:    60759
C:\ULTRASND\MIDI\RECORDER.PAT
   3/20/95   4:10:    5647
C:\ULTRASND\MIDI\REEDORG.PAT
   3/20/95   4:10:    3471
C:\ULTRASND\MIDI\REVCYM.PAT
   3/20/95   4:10:    27391
C:\ULTRASND\MIDI\ROCKORG.PAT
   3/20/95   4:10:    60887
C:\ULTRASND\MIDI\SANTUR.PAT
   3/20/95   4:10:    43833
C:\ULTRASND\MIDI\SAWWAVE.PAT
   3/20/95   4:10:    54485
C:\ULTRASND\MIDI\SCRATCH1.PAT
   3/20/95   4:10:    9091
C:\ULTRASND\MIDI\SCRATCH2.PAT
   3/20/95   4:10:    4883
C:\ULTRASND\MIDI\SEASHORE.PAT
   3/20/95   4:10:    62407
C:\ULTRASND\MIDI\SHAKAZUL.PAT
   3/20/95   4:10:    62589
C:\ULTRASND\MIDI\SHAKER.PAT
   3/20/95   4:10:    6527
C:\ULTRASND\MIDI\SHAMISEN.PAT
   3/20/95   4:10:    26667
C:\ULTRASND\MIDI\SHANNAI.PAT
   3/20/95   4:10:    20151
C:\ULTRASND\MIDI\SITAR.PAT
   3/20/95   4:10:    36979
C:\ULTRASND\MIDI\SLAP.PAT
   3/20/95   4:10:    12031
C:\ULTRASND\MIDI\SLAPBAS1.PAT
   3/20/95   4:10:    56133
C:\ULTRASND\MIDI\SLAPBAS2.PAT
   3/20/95   4:10:    41581
C:\ULTRASND\MIDI\SLOWSTR.PAT
   3/20/95   4:10:    36717
C:\ULTRASND\MIDI\SNARE1.PAT
   3/20/95   4:10:    17417
C:\ULTRASND\MIDI\SNARE2.PAT
   3/20/95   4:10:    8503
C:\ULTRASND\MIDI\SOUNDTRK.PAT
   3/20/95   4:10:    40091
C:\ULTRASND\MIDI\SPRNOSAX.PAT
   3/20/95   4:10:    14713
C:\ULTRASND\MIDI\SQRCLICK.PAT
   3/20/95   4:10:    539
C:\ULTRASND\MIDI\SQRWAVE.PAT
   3/20/95   4:10:    30439
C:\ULTRASND\MIDI\STARTRAK.PAT
   3/20/95   4:10:    55085
C:\ULTRASND\MIDI\STEELDRM.PAT
   3/20/95   4:10:    24229
C:\ULTRASND\MIDI\STICKRIM.PAT
   3/20/95   4:10:    6005
C:\ULTRASND\MIDI\STICKS.PAT
   3/20/95   4:10:    8757
C:\ULTRASND\MIDI\SURDO1.PAT
   3/20/95   4:10:    19527
C:\ULTRASND\MIDI\SURDO2.PAT
   3/20/95   4:10:    19527
C:\ULTRASND\MIDI\SWEEPER.PAT
   3/20/95   4:10:    62745
C:\ULTRASND\MIDI\SYNBASS1.PAT
   3/20/95   4:10:    12627
C:\ULTRASND\MIDI\SYNBASS2.PAT
   3/20/95   4:10:    6191
C:\ULTRASND\MIDI\SYNBRAS1.PAT
   3/20/95   4:10:    61735
C:\ULTRASND\MIDI\SYNBRAS2.PAT
   3/20/95   4:10:    60641
C:\ULTRASND\MIDI\SYNPIANO.PAT
   3/20/95   4:10:    11543
C:\ULTRASND\MIDI\SYNSTR1.PAT
   3/20/95   4:10:    62763
C:\ULTRASND\MIDI\SYNSTR2.PAT
   3/20/95   4:10:    33165
C:\ULTRASND\MIDI\SYNTOM.PAT
   3/20/95   4:10:    61331
C:\ULTRASND\MIDI\TAIKO.PAT
   3/20/95   4:10:    37671
C:\ULTRASND\MIDI\TAMBORIN.PAT
   3/20/95   4:10:    18219
C:\ULTRASND\MIDI\TELEPHON.PAT
   3/20/95   4:10:    9157
C:\ULTRASND\MIDI\TENORSAX.PAT
   3/20/95   4:10:    17367
C:\ULTRASND\MIDI\TIMBALEH.PAT
   3/20/95   4:10:    10839
C:\ULTRASND\MIDI\TIMBALEL.PAT
   3/20/95   4:10:    19787
C:\ULTRASND\MIDI\TIMPANI.PAT
   3/20/95   4:10:    14473
C:\ULTRASND\MIDI\TOMHI1.PAT
   3/20/95   4:10:    13467
C:\ULTRASND\MIDI\TOMHI2.PAT
   3/20/95   4:10:    13455
C:\ULTRASND\MIDI\TOMLO1.PAT
   3/20/95   4:10:    13455
C:\ULTRASND\MIDI\TOMLO2.PAT
   3/20/95   4:10:    19527
C:\ULTRASND\MIDI\TOMMID1.PAT
   3/20/95   4:10:    13455
C:\ULTRASND\MIDI\TOMMID2.PAT
   3/20/95   4:10:    13455
C:\ULTRASND\MIDI\TOMS.PAT
   3/20/95   4:10:    13467
C:\ULTRASND\MIDI\TREMSTR.PAT
   3/20/95   4:10:    122881
C:\ULTRASND\MIDI\TRIANGL1.PAT
   3/20/95   4:10:    4781
C:\ULTRASND\MIDI\TRIANGL2.PAT
   3/20/95   4:10:    31901
C:\ULTRASND\MIDI\TROMBONE.PAT
   3/20/95   4:10:    26187
C:\ULTRASND\MIDI\TRUMPET.PAT
   3/20/95   4:10:    13621
C:\ULTRASND\MIDI\TUBA.PAT
   3/20/95   4:10:    11847
C:\ULTRASND\MIDI\TUBEBELL.PAT
   3/20/95   4:10:    18637
C:\ULTRASND\MIDI\UNICORN.PAT
   3/20/95   4:10:    60505
C:\ULTRASND\MIDI\VIBES.PAT
   3/20/95   4:10:    21597
C:\ULTRASND\MIDI\VIBSLAP.PAT
   3/20/95   4:10:    19247
C:\ULTRASND\MIDI\VIOLA.PAT
   3/20/95   4:10:    56465
C:\ULTRASND\MIDI\VIOLIN.PAT
   3/20/95   4:10:    25061
C:\ULTRASND\MIDI\VOICES.PAT
   3/20/95   4:10:    30287
C:\ULTRASND\MIDI\VOXLEAD.PAT
   3/20/95   4:10:    30289
C:\ULTRASND\MIDI\WARMPAD.PAT
   3/20/95   4:10:    36491
C:\ULTRASND\MIDI\WHISTLE.PAT
   3/20/95   4:10:    12053
C:\ULTRASND\MIDI\WHISTLE1.PAT
   3/20/95   4:10:    4315
C:\ULTRASND\MIDI\WHISTLE2.PAT
   3/20/95   4:10:    2173
C:\ULTRASND\MIDI\WOODBLK.PAT
   3/20/95   4:10:    7685
C:\ULTRASND\MIDI\WOODBLK1.PAT
   3/20/95   4:10:    5035
C:\ULTRASND\MIDI\WOODBLK2.PAT
   3/20/95   4:10:    7685
C:\ULTRASND\MIDI\WOODFLUT.PAT
   3/20/95   4:10:    4191
C:\ULTRASND\MIDI\XYLOPHON.PAT
   3/20/95   4:10:    19085
==========
Extracting Files:
==========
Extracting Files:
C:\ULTRASND\ARROW.SND
   3/20/95   4:10:    4176
C:\ULTRASND\ENTER.SND
   3/20/95   4:10:    8372
C:\ULTRASND\GUSEMU.EXE
   3/20/95   4:10:    12979
C:\ULTRASND\GRVCOLOR.INI
   3/20/95   4:10:    221
C:\ULTRASND\INSTGRPS.EXE
   3/20/95   4:10:    132608
C:\ULTRASND\MIDIDEMO.BAT
   3/20/95   4:10:    3917
C:\ULTRASND\PLAYMIDI.EXE
   3/20/95   4:10:    164162
C:\ULTRASND\REBOOT.COM
   3/20/95   4:10:    25
C:\ULTRASND\SETUP.EXE
   3/20/95   4:10:    473472
C:\ULTRASND\RESOURCE.DAT
   3/20/95   4:10:    139008
C:\ULTRASND\SETUP.WAV
   3/20/95   4:10:    8096
C:\ULTRASND\ULTLOGO.BMP
   3/20/95   4:10:    5742
C:\ULTRASND\ULTRAMID.EXE
   3/20/95   4:10:    40038
C:\ULTRASND\ULTRINIT.EXE
   3/20/95   4:10:    29680
C:\ULTRASND\MIDI\BARIMYST.MID
   3/20/95   4:10:    5550
C:\ULTRASND\MIDI\ENTERTNR.MID
   3/20/95   4:10:    14137
C:\ULTRASND\MIDI\GDVIB6.MID
   3/20/95   4:10:    19821
C:\ULTRASND\MIDI\HERO.MID
   3/20/95   4:10:    42069
C:\ULTRASND\MIDI\HIDNSEEK.MID
   3/20/95   4:10:    4207
C:\ULTRASND\MIDI\JESUJOY.MID
   3/20/95   4:10:    4775
C:\ULTRASND\MIDI\LATINDNC.MID
   3/20/95   4:10:    19161
C:\ULTRASND\MIDI\MINUETG.MID
   3/20/95   4:10:    4924
C:\ULTRASND\MIDI\PNOHEAVN.MID
   3/20/95   4:10:    7116
C:\ULTRASND\MIDI\SOFUNKY.MID
   3/20/95   4:10:    18488
C:\ULTRASND\MIDI\STRIVING.MID
   3/20/95   4:10:    65061
C:\ULTRASND\MIDI\SWNGCAFE.MID
   3/20/95   4:10:    10735
C:\ULTRASND\MIDI\TECHNO78.MID
   3/20/95   4:10:    32933
C:\ULTRASND\MIDI\THE_RAIN.MID
   3/20/95   4:10:    41445
C:\ULTRASND\MIDI\TOCATTA.MID
   3/20/95   4:10:    15717
C:\ULTRASND\MIDI\YELOWROS.MID
   3/20/95   4:10:    9989
C:\ULTRASND\MIDI\LOAD1024.MID
   3/20/95   4:10:    569
C:\ULTRASND\MIDI\LOAD256.MID
   3/20/95   4:10:    322
C:\ULTRASND\MIDI\LOAD512.MID
   3/20/95   4:10:    380
C:\ULTRASND\MIDI\LOADGM.MID
   3/20/95   4:10:    380
C:\ULTRASND\MIDI\DEFAULT.CFG
   3/20/95   4:10:    3129
C:\ULTRASND\MIDI\ULTRAMID.INI
   3/20/95   4:10:    6309
C:\ULTRASND\ULTRASND.INI
   3/20/95   4:10:    5476
C:\ULTRASND\PMAKER\DEWCC.DLL
   3/20/95   4:10:    125440
C:\ULTRASND\PMAKER\DEWSC.DLL
   3/20/95   4:10:    41472
C:\ULTRASND\PMAKER\PMAKER.EXE
   3/20/95   4:10:    547856
C:\ULTRASND\PMAKER\PMAKER.HLP
   3/20/95   4:10:    82182
C:\ULTRASND\PMAKER\SINE440.PAT
   3/20/95   4:10:    735
C:\ULTRASND\PMAKER\VIOLIN.WAV
   3/20/95   4:10:    4338
C:\ULTRASND\PMAKER\WINSYS.DLL
   3/20/95   4:10:    93696
C:\ULTRASND\ULTRAMID\GF1DIGI.ADV
   9/20/94   3:57:    5248
C:\ULTRASND\ULTRAMID\GF1MIDI.ADV
   9/20/94   3:57:    10816
C:\ULTRASND\ULTRAMID\GF166.COM
   9/20/94   3:57:    5493
C:\ULTRASND\WINDOWS\ULTRAHLP.HLP
   3/20/95   4:10:    240563
C:\ULTRASND\WINDOWS\GRVSULTR.386
   3/20/95   4:10:    7393
C:\ULTRASND\WINDOWS\ULTRASND.DRV
   3/20/95   4:10:    101728
C:\ULTRASND\WINDOWS\MIDIMAP.CFG
   3/20/95   4:10:    49010
C:\ULTRASND\WINDOWS\CONFIG.EXE
   3/20/95   4:10:    7168
C:\ULTRASND\WINDOWS\MIXER.EXE
   3/20/95   4:10:    56704
C:\ULTRASND\WINDOWS\BWCC.DLL
   9/20/94   3:57:    156544
C:\ULTRASND\WINDOWS\GRAVIS.BMP
   3/20/95   4:10:    58374
C:\ULTRASND\WINDOWS\PATCHMGR.EXE
   3/20/95   4:10:    357888
C:\ULTRASND\WINDOWS\PATCHMGR.HLP
   3/20/95   4:10:    47337
C:\ULTRASND\MEGAEM.EXE
   3/20/95   4:10:    27568
C:\ULTRASND\MEGAEM.DOC
   3/20/95   4:10:    49383
C:\ULTRASND\EMUSET.EXE
   3/20/95   4:10:    10096
C:\ULTRASND\WINDOWS\ULTMPORT.DRV
   3/20/95   4:10:    11648
C:\ULTRASND\WINDOWS\OEMSETUP.INF
   3/20/95   4:10:    313
C:\ULTRASND\ULTRAMIX.EXE
   3/20/95   4:10:    24018
C:\ULTRASND\GRAVUTIL.EXE
   3/20/95   4:10:    88404
C:\ULTRASND\ULTRAJOY.EXE
   3/20/95   4:10:    12226
C:\ULTRASND\MIDIFIER.DOC
   3/20/95   4:10:    23593
C:\ULTRASND\MIDIFIER.EXE
   3/20/95   4:10:    126746
C:\ULTRASND\PLAYFILE.EXE
   3/20/95   4:10:    257090
C:\ULTRASND\ULTRAMIX.INI
   3/20/95   4:10:    344
C:\ULTRASND\SBOS.BAT
   3/20/95   4:10:    2243
C:\ULTRASND\LOADSBOS.EXE
   3/20/95   4:10:    48262
C:\ULTRASND\SBOSDRV.COM
   3/20/95   4:10:    20752
C:\ULTRASND\SBOS\SBOS.CFG
   3/20/95   4:10:    706
C:\ULTRASND\SBOS\SBOSLIB.SBS
   3/20/95   4:10:    184612
C:\ULTRASND\E.BAT
   3/20/95   4:10:    5948
C:\ULTRASND\MAXSBOS.BAT
   3/20/95   4:10:    507
C:\ULTRASND\MAXSBOS\DRIVER.EXE
   3/20/95   4:10:    14416
C:\ULTRASND\MAXSBOS\LOADER.EXE
   3/20/95   4:10:    26912
C:\ULTRASND\MAXSBOS\SBOS512.SBS
   3/20/95   4:10:    526407
C:\ULTRASND\MAXSBOS\SBOS1024.SBS
   3/20/95   4:10:    1052144
C:\ULTRASND\WINDOWS\OEMSETUP.INF
   3/20/95   4:10:    234
C:\ULTRASND\E.BAT
   3/20/95   4:10:    5095
C:\ULTRASND\ULTRAMIX.INI
   3/20/95   4:10:    150
C:\ULTRASND\E.BAT
   3/20/95   4:10:    5241
==========
Extracting Files:
